<?xml version="1.0" encoding="UTF-8"?>
<!-- Generated by org.testng.reporters.JUnitReportReporter -->
<testsuite hostname="NC003" name="testscript.Login" tests="1" failures="0" timestamp="3 Jun 2019 12:39:21 GMT" time="0.015" errors="0">
  <testcase name="login" time="0.015" classname="testscript.Login"/>
</testsuite> <!-- testscript.Login -->
