<?xml version="1.0" encoding="UTF-8"?>
<!-- Generated by org.testng.reporters.JUnitReportReporter -->
<testsuite hostname="NC003" name="testscript.Login" tests="1" failures="0" timestamp="15 May 2019 11:40:21 GMT" time="13.929" errors="0">
  <testcase name="login" time="13.929" classname="testscript.Login"/>
</testsuite> <!-- testscript.Login -->
